c:\users\sorina\documents\practica\greyscale\x64\debug\vc143.pdb
c:\users\sorina\documents\practica\greyscale\x64\debug\vc143.idb
c:\users\sorina\documents\practica\greyscale\x64\debug\greyscale.obj
c:\users\sorina\documents\practica\greyscale\x64\debug\greyscale.pdb
c:\users\sorina\documents\practica\greyscale\x64\debug\greyscale.tlog\cl.command.1.tlog
c:\users\sorina\documents\practica\greyscale\x64\debug\greyscale.tlog\cl.read.1.tlog
c:\users\sorina\documents\practica\greyscale\x64\debug\greyscale.tlog\cl.write.1.tlog
c:\users\sorina\documents\practica\greyscale\x64\debug\greyscale.tlog\link-cvtres.read.1.tlog
c:\users\sorina\documents\practica\greyscale\x64\debug\greyscale.tlog\link-cvtres.write.1.tlog
c:\users\sorina\documents\practica\greyscale\x64\debug\greyscale.tlog\link-rc.read.1.tlog
c:\users\sorina\documents\practica\greyscale\x64\debug\greyscale.tlog\link-rc.write.1.tlog
c:\users\sorina\documents\practica\greyscale\x64\debug\greyscale.tlog\link.7620-cvtres.read.1.tlog
c:\users\sorina\documents\practica\greyscale\x64\debug\greyscale.tlog\link.7620-cvtres.write.1.tlog
c:\users\sorina\documents\practica\greyscale\x64\debug\greyscale.tlog\link.7620-rc.read.1.tlog
c:\users\sorina\documents\practica\greyscale\x64\debug\greyscale.tlog\link.7620-rc.write.1.tlog
c:\users\sorina\documents\practica\greyscale\x64\debug\greyscale.tlog\link.7620.read.1.tlog
c:\users\sorina\documents\practica\greyscale\x64\debug\greyscale.tlog\link.7620.read.2.tlog
c:\users\sorina\documents\practica\greyscale\x64\debug\greyscale.tlog\link.7620.write.1.tlog
c:\users\sorina\documents\practica\greyscale\x64\debug\greyscale.tlog\link.command.1.tlog
c:\users\sorina\documents\practica\greyscale\x64\debug\greyscale.tlog\link.read.1.tlog
c:\users\sorina\documents\practica\greyscale\x64\debug\greyscale.tlog\link.read.2.tlog
c:\users\sorina\documents\practica\greyscale\x64\debug\greyscale.tlog\link.write.1.tlog
